[INFO 17:59:22 25-01-2019] ru.mmo.server.configs.DevelopConfig:? - ./configs/develop.ini Успешно загружен.
[INFO 17:59:23 25-01-2019] ru.mmo.server.configs.ServerConfig:? - ./configs/updateserver.ini Успешно загружен.
[INFO 17:59:23 25-01-2019] ru.mmo.server.configs.NetworkConfig:? - ./configs/network.ini Успешно загружен.
[INFO 17:59:23 25-01-2019] ru.mmo.global.configs.DataBaseConfig:? - ./configs/database.ini Успешно загружен.
[INFO 17:59:23 25-01-2019] ru.mmo.global.dbc.DatabaseFactory:? - Соеденение с базой данных успешно
[INFO 17:59:23 25-01-2019] ru.mmo.global.dao.DAOManager:? - Загружено 3 dao(s) impl.
[INFO 17:59:23 25-01-2019] ru.mmo.global.network.engine.NioAcceptor:? - Открыт порт для подключения клиентов MMo-Network: /127.0.0.1:11000
[INFO 17:59:23 25-01-2019] ru.mmo.server.ServerMMo:? - version (commons-dbcp-1.4.jar): 1.4
[INFO 17:59:23 25-01-2019] ru.mmo.server.ServerMMo:? - version (commons-io-1.4.jar): 1.4
[INFO 17:59:23 25-01-2019] ru.mmo.server.ServerMMo:? - version (commons-pool-1.5.4.jar): 1.5.4
[INFO 17:59:23 25-01-2019] ru.mmo.server.ServerMMo:? - version (log4j-1.2.16.jar): 1.2.16
[INFO 17:59:23 25-01-2019] ru.mmo.server.ServerMMo:? - version (mmo-dao.jar): none
[INFO 17:59:23 25-01-2019] ru.mmo.server.ServerMMo:? - revision (mmo-server.jar): 594:597M
[INFO 17:59:23 25-01-2019] ru.mmo.server.ServerMMo:? - version (mysql-connector-java-5.1.15-bin.jar): 5.1.15
[INFO 17:59:23 25-01-2019] ru.mmo.server.ServerMMo:? - version (netty-3.2.3.jar): none
[INFO 17:59:23 25-01-2019] ru.mmo.server.ServerMMo:? - version (PBUpdater.jar): none
[INFO 17:59:23 25-01-2019] ru.mmo.server.ServerMMo:? - version (slf4j-api-1.6.1.jar): 1.6.1
[INFO 17:59:23 25-01-2019] ru.mmo.server.ServerMMo:? - version (slf4j-log4j12-1.6.1.jar): 1.6.1
[INFO 17:59:23 25-01-2019] ru.mmo.server.ServerMMo:? - version (trove-3.0.2.jar): 111203214151
[INFO 17:59:23 25-01-2019] ru.mmo.global.info.PrintInfo:? - Загружено за 0 секунд(0,000 минут)
[INFO 17:59:23 25-01-2019] ru.mmo.global.info.PrintInfo:? - Использовано 3 Мб, максимум 31 Мб.
[INFO 17:59:23 25-01-2019] ru.mmo.global.info.PrintInfo:? - Использовано 9,69% процентов выделеной памяти.
[INFO 17:59:36 25-01-2019] ru.mmo.server.network.clients.MMOClient:? - onStart: 127.0.0.1
[INFO 17:59:36 25-01-2019] ru.mmo.server.network.clients.MMOClient:? - send packet [US -> UC] INIT
[INFO 17:59:36 25-01-2019] ru.mmo.global.network.protocols.MMoProtocol:? - Отправляем:12
[INFO 17:59:36 25-01-2019] ru.mmo.global.network.protocols.MMoProtocol:? - INFO:
0000: 08 00 f4 01 84 e3 05 00 90 1f b7 43                ...........C

[INFO 17:59:41 25-01-2019] ru.mmo.global.network.engine.NioProcessor:? - cur pos: 2
[INFO 17:59:41 25-01-2019] ru.mmo.global.network.engine.NioProcessor:? - req pos: 221
[INFO 17:59:41 25-01-2019] ru.mmo.global.network.protocols.MMoProtocol:? - Принимаем:21 Доступно:19
[INFO 17:59:41 25-01-2019] ru.mmo.global.network.protocols.MMoProtocol:? - INFO:
0000: f6 01 06 06 31 32 33 33 32 31 31 32 33 33 32 31    ....123321123321
0010: 00 a1 36 03 00                                     ..6..

[INFO 17:59:41 25-01-2019] ru.mmo.server.network.engine.ServerMMo.ServerMMoClientPacketListenerHandler:? - Packet id: 502; size: 21; pos:2
[INFO 17:59:41 25-01-2019] ru.mmo.global.network.engine.core.HelperAdapter:? - receive packet [UC -> US] packet_502_req
[INFO 17:59:41 25-01-2019] ru.mmo.server.network.engine.ServerMMo.packets.receivable.packet_502_req:? - Login: 123321
[INFO 17:59:41 25-01-2019] ru.mmo.server.network.engine.ServerMMo.packets.receivable.packet_502_req:? - Password: 123321
[INFO 17:59:41 25-01-2019] ru.mmo.server.network.engine.ServerMMo.packets.receivable.packet_502_req:? - status: WRONG
[INFO 17:59:41 25-01-2019] ru.mmo.server.network.clients.MMOClient:? - send packet [US -> UC] packet_502_ack
[INFO 17:59:41 25-01-2019] ru.mmo.global.network.protocols.MMoProtocol:? - Отправляем:14
[INFO 17:59:41 25-01-2019] ru.mmo.global.network.protocols.MMoProtocol:? - INFO:
0000: 0a 00 f7 01 02 01 00 80 ff ff ff ff 00 00          ..............

[INFO 17:59:50 25-01-2019] ru.mmo.global.network.engine.NioProcessor:? - cur pos: 2
[INFO 17:59:50 25-01-2019] ru.mmo.global.network.engine.NioProcessor:? - req pos: 220
[INFO 17:59:50 25-01-2019] ru.mmo.global.network.protocols.MMoProtocol:? - Принимаем:20 Доступно:18
[INFO 17:59:50 25-01-2019] ru.mmo.global.network.protocols.MMoProtocol:? - INFO:
0000: f6 01 05 06 73 79 72 65 78 31 32 33 33 32 31 00    ....syrex123321.
0010: a1 36 03 00                                        .6..

[INFO 17:59:50 25-01-2019] ru.mmo.server.network.engine.ServerMMo.ServerMMoClientPacketListenerHandler:? - Packet id: 502; size: 20; pos:2
[INFO 17:59:50 25-01-2019] ru.mmo.global.network.engine.core.HelperAdapter:? - receive packet [UC -> US] packet_502_req
[INFO 17:59:50 25-01-2019] ru.mmo.server.network.engine.ServerMMo.packets.receivable.packet_502_req:? - Login: syrex
[INFO 17:59:50 25-01-2019] ru.mmo.server.network.engine.ServerMMo.packets.receivable.packet_502_req:? - Password: 123321
[INFO 17:59:50 25-01-2019] ru.mmo.server.network.engine.ServerMMo.packets.receivable.packet_502_req:? - status: WRONG
[INFO 17:59:50 25-01-2019] ru.mmo.server.network.clients.MMOClient:? - send packet [US -> UC] packet_502_ack
[INFO 17:59:50 25-01-2019] ru.mmo.global.network.protocols.MMoProtocol:? - Отправляем:14
[INFO 17:59:50 25-01-2019] ru.mmo.global.network.protocols.MMoProtocol:? - INFO:
0000: 0a 00 f7 01 02 01 00 80 ff ff ff ff 00 00          ..............

[INFO 17:59:51 25-01-2019] ru.mmo.server.network.clients.MMOClient:? - onEnd: 127.0.0.1
